<?xml version="1.0" encoding="UTF-8"?>
<testsuites name="Mocha Tests" time="15.254" tests="1" failures="0">
  <testsuite name="Root Suite" timestamp="2024-02-10T16:22:30" tests="0" file="cypress\e2e\UITests\Amazon\Homepage.spec.cy.js" time="0.000" failures="0">
  </testsuite>
  <testsuite name="Homepage navigation" timestamp="2024-02-10T16:22:30" tests="1" time="15.242" failures="0">
    <testcase name="Homepage navigation Sign in / sign-up navigation" time="10.715" classname="Sign in / sign-up navigation">
    </testcase>
  </testsuite>
</testsuites>